Submitted batch job 1820518
Submitted batch job 1820519
Submitted batch job 1820520
Submitted batch job 1820521
5
Current working directory is: /home/cgmaras/Python/RLsim_Code
Started input gen...
Finished input gen...
/home/cgmaras/Python/RLsim_Code
The files contained in Queue are:  ['new_core1.inp', 'new_core2.inp', 'new_core3.inp', 'new_core4.inp']
WARNING: THE DIRECTORIES ALREADY EXISTED
WARNING: THE DIRECTORIES ALREADY EXISTED
WARNING: THE DIRECTORIES ALREADY EXISTED
WARNING: THE DIRECTORIES ALREADY EXISTED
Starting Delay
Ending Delay


new_core1.out
 EFPD     Boron(ppm)     Fdh           Fq
  0.0     1449.2         2.588         3.514
 13.0     1464.8         2.653         3.775
 25.9     1546.7         2.478         3.404
 51.8     1519.2         2.063         2.518
103.7     1306.1         1.659         1.889
155.5     1072.0         1.511         1.737
207.4      841.3         1.437         1.656
259.2      619.4         1.385          1.59
311.0      406.8         1.343         1.539
362.9      204.1         1.313         1.505
415.2       10.0         1.293         1.474
 
 
-------------------------- Fdh ---------------------------
[[2.653 2.34  2.232 2.037 1.478 1.307 0.997 0.573]
 [2.34  2.526 2.072 2.071 1.553 1.38  0.785 0.583]
 [2.232 1.787 1.796 1.541 1.315 1.08  0.958   nan]
 [2.037 1.485 1.73  1.291 1.039 0.841 0.501   nan]
 [1.478 1.389 1.218 0.902 0.71  0.657   nan   nan]
 [1.307 1.141 0.965 0.75  0.5     nan   nan   nan]
 [0.997 0.965 0.767 0.472   nan   nan   nan   nan]
 [0.573 0.431   nan   nan   nan   nan   nan   nan]]


new_core2.out
 EFPD     Boron(ppm)     Fdh           Fq
  0.0     1295.7         2.167         2.946
 13.0     1364.8         2.257         3.354
 25.9     1516.6         2.195         3.233
 51.8     1517.8         1.947         2.497
103.7     1297.9         1.749         2.024
155.5     1052.3         1.617         1.881
207.3      815.1         1.523          1.77
259.2      589.5         1.454         1.681
311.0      375.0           1.4         1.603
362.9      171.5         1.356         1.545
406.1       10.0         1.326         1.506
 
 
-------------------------- Fdh ---------------------------
[[1.872 2.257 1.977 1.801 1.676 1.316 0.915 0.511]
 [2.257 1.814 1.78  1.846 1.262 0.908 0.604 0.379]
 [1.977 1.917 1.69  1.953 1.242 0.83  0.499   nan]
 [1.801 1.991 2.042 1.667 1.138 0.862 0.403   nan]
 [1.676 1.794 1.487 1.541 1.173 0.762   nan   nan]
 [1.316 1.151 1.057 0.727 0.728   nan   nan   nan]
 [0.915 0.933 0.571 0.413   nan   nan   nan   nan]
 [0.511 0.519   nan   nan   nan   nan   nan   nan]]


new_core3.out
 EFPD     Boron(ppm)     Fdh           Fq
  0.0     1534.3         3.025         4.041
 13.0     1559.1         2.975         4.153
 25.9     1618.2         2.712         3.626
 51.8     1563.2         2.218         2.687
103.7     1333.8         1.761         1.981
155.5     1088.5         1.586         1.832
207.3      852.0         1.505         1.743
259.2      626.1         1.444         1.674
311.0      410.4         1.398         1.612
362.9      205.6          1.36         1.558
415.1       10.0         1.328         1.516
 
 
-------------------------- Fdh ---------------------------
[[2.48  2.968 2.712 1.916 1.513 0.909 0.51  0.267]
 [2.968 3.025 2.492 1.914 1.345 0.844 0.396 0.213]
 [2.712 2.861 2.711 1.779 1.045 0.881 0.341   nan]
 [1.916 2.257 1.98  1.345 1.038 0.55  0.38    nan]
 [1.513 1.644 1.695 1.091 0.974 0.416   nan   nan]
 [0.909 1.11  1.115 0.885 0.682   nan   nan   nan]
 [0.51  0.483 0.551 0.468   nan   nan   nan   nan]
 [0.267 0.212   nan   nan   nan   nan   nan   nan]]


new_core4.out
 EFPD     Boron(ppm)     Fdh           Fq
  0.0     1462.2         1.729         2.359
 13.0     1460.4         1.847         2.681
 25.9     1553.2         1.929         2.845
 51.8     1550.6          1.79         2.305
103.7     1347.2         1.584         1.849
155.5     1112.8         1.463         1.687
207.4      880.5         1.393          1.61
259.2      657.0         1.359         1.572
311.0      442.7         1.332         1.534
362.9      237.5         1.309         1.498
414.7       42.2         1.288         1.469
 
 
-------------------------- Fdh ---------------------------
[[1.787 1.929 1.893 1.494 1.318 1.301 0.905 0.575]
 [1.929 1.586 1.867 1.583 1.381 1.174 0.997 0.447]
 [1.893 1.861 1.438 1.722 1.312 1.252 0.636   nan]
 [1.494 1.334 1.399 1.404 1.212 0.924 0.566   nan]
 [1.318 1.361 1.522 1.409 1.155 0.773   nan   nan]
 [1.301 1.223 1.36  1.03  0.612   nan   nan   nan]
 [0.905 0.89  0.834 0.78    nan   nan   nan   nan]
 [0.575 0.478   nan   nan   nan   nan   nan   nan]]
