

 ***************************************************

 Message from vendor daemon studsvik: 

 License not available for simulate3.primary, version 1.0. 

 ===================================================
   The error returned from the license server was: 

Cannot read data from license server system.
 The license server system appears to be running, but is not
responding.  If this persists, notify the System Administrator.
(The license server manager (lmgrd) and vendor daemon processes
should be terminated and restarted.)
Feature:       simulate3.primary
Hostname:      rdfmg
License path:  /cm/shared/apps/ncsu/flexnet-11.12/site/orig_studsvik.lic:/cm/shared/apps/ncsu/flexnet-11.12/site/studsvik.lic:/cm/shared/apps/ncsu/flexnet-11.12/site/studsvik_old.lic:/usr/lib/studsvik/licensing:/usr/local/lib/studsvik/licensing:
FLEXnet Licensing error:-16,287
For further information, refer to the FLEXnet Licensing documentation,
available at "www.flexerasoftware.com". 
 ===================================================

 For additional FLEXlm diagnostic information:
   Windows: Start lmtools, select Diagnostics
   UNIX:    Run lmutil lmdiag
   or contact your local system administrator.

 ***************************************************


